<?xml version="1.0" encoding="UTF-8"?>
<ns2:test-suite xmlns:ns2="urn:model.allure.qatools.yandex.ru" start="1490119369445" stop="1490119369845">
	<name>Zipcode Search displays list of facilities</name>
	<title>Zipcode Search displays list of facilities</title>
	<test-cases>
		<test-case start="1490119369446" stop="1490119369623" status="failed">
			<name>Validate if Zipcode Textbox is Present in the given Page</name>
			<title>Validate if Zipcode Textbox is Present in the given Page</title>
			<description></description>
			<labels>
			</labels>
			<parameters>
			</parameters>
			<steps>
				<step start="1490119369446" stop="1490119369448" status="passed">
					<name>I go to the website with url &quot;/content/productzero/dec10morning.html&quot;</name>
					<title>I go to the website with url &quot;/content/productzero/dec10morning.html&quot;</title>
					<attachments>
					</attachments>
					<steps>
					</steps>
				</step>
				<step start="1490119369449" stop="1490119369622" status="failed">
					<name>I validate the Zipcode Textbox</name>
					<title>I validate the Zipcode Textbox</title>
					<attachments>
					</attachments>
					<steps>
					</steps>
				</step>
			</steps>
			<attachments>
			</attachments>
			<failure>
				<message>No element found using locator: By(xpath, .//*[@id=&apos;facilityZipCode&apos;])</message>
				<stack-trace>NoSuchElementError: No element found using locator: By(xpath, .//*[@id=&apos;facilityZipCode&apos;])
    at WebDriverError (/Users/ctsuser/Desktop/Kaiser/squadzero/productzero/it.tests/functional/node_modules/grunt-protractor-runner/node_modules/selenium-webdriver/error.js:27:5)
    at NoSuchElementError (/Users/ctsuser/Desktop/Kaiser/squadzero/productzero/it.tests/functional/node_modules/grunt-protractor-runner/node_modules/selenium-webdriver/error.js:230:5)
    at /Users/ctsuser/Desktop/Kaiser/squadzero/productzero/it.tests/functional/node_modules/grunt-protractor-runner/node_modules/protractor/built/element.js:662:27
    at Promise.invokeCallback_ (/Users/ctsuser/Desktop/Kaiser/squadzero/productzero/it.tests/functional/node_modules/grunt-protractor-runner/node_modules/selenium-webdriver/lib/promise.js:1329:14)
    at TaskQueue.execute_ (/Users/ctsuser/Desktop/Kaiser/squadzero/productzero/it.tests/functional/node_modules/grunt-protractor-runner/node_modules/selenium-webdriver/lib/promise.js:2790:14)
    at TaskQueue.executeNext_ (/Users/ctsuser/Desktop/Kaiser/squadzero/productzero/it.tests/functional/node_modules/grunt-protractor-runner/node_modules/selenium-webdriver/lib/promise.js:2773:21)
    at asyncRun (/Users/ctsuser/Desktop/Kaiser/squadzero/productzero/it.tests/functional/node_modules/grunt-protractor-runner/node_modules/selenium-webdriver/lib/promise.js:2652:27)
    at /Users/ctsuser/Desktop/Kaiser/squadzero/productzero/it.tests/functional/node_modules/grunt-protractor-runner/node_modules/selenium-webdriver/lib/promise.js:639:7
    at process._tickCallback (internal/process/next_tick.js:103:7)
Error
    at ElementArrayFinder.applyAction_ (/Users/ctsuser/Desktop/Kaiser/squadzero/productzero/it.tests/functional/node_modules/grunt-protractor-runner/node_modules/protractor/built/element.js:371:27)
    at ElementArrayFinder._this.(anonymous function) [as isDisplayed] (/Users/ctsuser/Desktop/Kaiser/squadzero/productzero/it.tests/functional/node_modules/grunt-protractor-runner/node_modules/protractor/built/element.js:83:30)
    at ElementFinder._this.(anonymous function) [as isDisplayed] (/Users/ctsuser/Desktop/Kaiser/squadzero/productzero/it.tests/functional/node_modules/grunt-protractor-runner/node_modules/protractor/built/element.js:685:22)
    at Object.visibleFacilityZipCode (/Users/ctsuser/Desktop/Kaiser/squadzero/productzero/it.tests/functional/features/page/FFL_ZipCode.js:18:24)
    at World.&lt;anonymous&gt; (/Users/ctsuser/Desktop/Kaiser/squadzero/productzero/it.tests/functional/features/step_definitions/kpFFL_ZipCode.js:36:21)
    at _combinedTickCallback (internal/process/next_tick.js:67:7)
    at process._tickCallback (internal/process/next_tick.js:98:9)</stack-trace>
			</failure>
		</test-case>
		<test-case start="1490119369623" stop="1490119369674" status="failed">
			<name>Validate if SEARCH Button is Present in the given Page</name>
			<title>Validate if SEARCH Button is Present in the given Page</title>
			<description></description>
			<labels>
			</labels>
			<parameters>
			</parameters>
			<steps>
				<step start="1490119369623" stop="1490119369626" status="passed">
					<name>I go to the website with url &quot;/content/productzero/dec10morning.html&quot;</name>
					<title>I go to the website with url &quot;/content/productzero/dec10morning.html&quot;</title>
					<attachments>
					</attachments>
					<steps>
					</steps>
				</step>
				<step start="1490119369626" stop="1490119369674" status="failed">
					<name>I validate the SEARCH Button</name>
					<title>I validate the SEARCH Button</title>
					<attachments>
					</attachments>
					<steps>
					</steps>
				</step>
			</steps>
			<attachments>
			</attachments>
			<failure>
				<message>No element found using locator: By(xpath, .//*[@id=&apos;findFacilityByLocation&apos;])</message>
				<stack-trace>NoSuchElementError: No element found using locator: By(xpath, .//*[@id=&apos;findFacilityByLocation&apos;])
    at WebDriverError (/Users/ctsuser/Desktop/Kaiser/squadzero/productzero/it.tests/functional/node_modules/grunt-protractor-runner/node_modules/selenium-webdriver/error.js:27:5)
    at NoSuchElementError (/Users/ctsuser/Desktop/Kaiser/squadzero/productzero/it.tests/functional/node_modules/grunt-protractor-runner/node_modules/selenium-webdriver/error.js:230:5)
    at /Users/ctsuser/Desktop/Kaiser/squadzero/productzero/it.tests/functional/node_modules/grunt-protractor-runner/node_modules/protractor/built/element.js:662:27
    at Promise.invokeCallback_ (/Users/ctsuser/Desktop/Kaiser/squadzero/productzero/it.tests/functional/node_modules/grunt-protractor-runner/node_modules/selenium-webdriver/lib/promise.js:1329:14)
    at TaskQueue.execute_ (/Users/ctsuser/Desktop/Kaiser/squadzero/productzero/it.tests/functional/node_modules/grunt-protractor-runner/node_modules/selenium-webdriver/lib/promise.js:2790:14)
    at TaskQueue.executeNext_ (/Users/ctsuser/Desktop/Kaiser/squadzero/productzero/it.tests/functional/node_modules/grunt-protractor-runner/node_modules/selenium-webdriver/lib/promise.js:2773:21)
    at asyncRun (/Users/ctsuser/Desktop/Kaiser/squadzero/productzero/it.tests/functional/node_modules/grunt-protractor-runner/node_modules/selenium-webdriver/lib/promise.js:2652:27)
    at /Users/ctsuser/Desktop/Kaiser/squadzero/productzero/it.tests/functional/node_modules/grunt-protractor-runner/node_modules/selenium-webdriver/lib/promise.js:639:7
    at process._tickCallback (internal/process/next_tick.js:103:7)
Error
    at ElementArrayFinder.applyAction_ (/Users/ctsuser/Desktop/Kaiser/squadzero/productzero/it.tests/functional/node_modules/grunt-protractor-runner/node_modules/protractor/built/element.js:371:27)
    at ElementArrayFinder._this.(anonymous function) [as isDisplayed] (/Users/ctsuser/Desktop/Kaiser/squadzero/productzero/it.tests/functional/node_modules/grunt-protractor-runner/node_modules/protractor/built/element.js:83:30)
    at ElementFinder._this.(anonymous function) [as isDisplayed] (/Users/ctsuser/Desktop/Kaiser/squadzero/productzero/it.tests/functional/node_modules/grunt-protractor-runner/node_modules/protractor/built/element.js:685:22)
    at Object.visibleFacilityByLocation (/Users/ctsuser/Desktop/Kaiser/squadzero/productzero/it.tests/functional/features/page/FFL_ZipCode.js:23:35)
    at World.&lt;anonymous&gt; (/Users/ctsuser/Desktop/Kaiser/squadzero/productzero/it.tests/functional/features/step_definitions/kpFFL_ZipCode.js:39:21)
    at _combinedTickCallback (internal/process/next_tick.js:67:7)
    at process._tickCallback (internal/process/next_tick.js:98:9)</stack-trace>
			</failure>
		</test-case>
		<test-case start="1490119369675" stop="1490119369722" status="failed">
			<name>Enter my zip code so that I can see what facilities</name>
			<title>Enter my zip code so that I can see what facilities</title>
			<description></description>
			<labels>
			</labels>
			<parameters>
			</parameters>
			<steps>
				<step start="1490119369675" stop="1490119369675" status="passed">
					<name>I go to the website with url &quot;/content/productzero/dec10morning.html&quot;</name>
					<title>I go to the website with url &quot;/content/productzero/dec10morning.html&quot;</title>
					<attachments>
					</attachments>
					<steps>
					</steps>
				</step>
				<step start="1490119369675" stop="1490119369719" status="failed">
					<name>I enter &quot;30606&quot; in the textbox</name>
					<title>I enter &quot;30606&quot; in the textbox</title>
					<attachments>
					</attachments>
					<steps>
					</steps>
				</step>
				<step start="1490119369719" stop="1490119369720" status="skipped">
					<name>I select Region as &quot;GGA&quot;</name>
					<title>I select Region as &quot;GGA&quot;</title>
					<attachments>
					</attachments>
					<steps>
					</steps>
				</step>
				<step start="1490119369720" stop="1490119369721" status="skipped">
					<name>I click SEARCH button</name>
					<title>I click SEARCH button</title>
					<attachments>
					</attachments>
					<steps>
					</steps>
				</step>
				<step start="1490119369721" stop="1490119369721" status="skipped">
					<name>I can see the list of facilities with &quot;Athens Regional Medical Center&quot; and Address as &quot;1199 Prince Avenue&quot; in the first row</name>
					<title>I can see the list of facilities with &quot;Athens Regional Medical Center&quot; and Address as &quot;1199 Prince Avenue&quot; in the first row</title>
					<attachments>
					</attachments>
					<steps>
					</steps>
				</step>
			</steps>
			<attachments>
			</attachments>
			<failure>
				<message>No element found using locator: By(xpath, .//*[@id=&apos;facilityZipCode&apos;])</message>
				<stack-trace>NoSuchElementError: No element found using locator: By(xpath, .//*[@id=&apos;facilityZipCode&apos;])
    at WebDriverError (/Users/ctsuser/Desktop/Kaiser/squadzero/productzero/it.tests/functional/node_modules/grunt-protractor-runner/node_modules/selenium-webdriver/error.js:27:5)
    at NoSuchElementError (/Users/ctsuser/Desktop/Kaiser/squadzero/productzero/it.tests/functional/node_modules/grunt-protractor-runner/node_modules/selenium-webdriver/error.js:230:5)
    at /Users/ctsuser/Desktop/Kaiser/squadzero/productzero/it.tests/functional/node_modules/grunt-protractor-runner/node_modules/protractor/built/element.js:662:27
    at Promise.invokeCallback_ (/Users/ctsuser/Desktop/Kaiser/squadzero/productzero/it.tests/functional/node_modules/grunt-protractor-runner/node_modules/selenium-webdriver/lib/promise.js:1329:14)
    at TaskQueue.execute_ (/Users/ctsuser/Desktop/Kaiser/squadzero/productzero/it.tests/functional/node_modules/grunt-protractor-runner/node_modules/selenium-webdriver/lib/promise.js:2790:14)
    at TaskQueue.executeNext_ (/Users/ctsuser/Desktop/Kaiser/squadzero/productzero/it.tests/functional/node_modules/grunt-protractor-runner/node_modules/selenium-webdriver/lib/promise.js:2773:21)
    at asyncRun (/Users/ctsuser/Desktop/Kaiser/squadzero/productzero/it.tests/functional/node_modules/grunt-protractor-runner/node_modules/selenium-webdriver/lib/promise.js:2652:27)
    at /Users/ctsuser/Desktop/Kaiser/squadzero/productzero/it.tests/functional/node_modules/grunt-protractor-runner/node_modules/selenium-webdriver/lib/promise.js:639:7
    at process._tickCallback (internal/process/next_tick.js:103:7)
From: Task: WebElement.clear()
    at WebDriver.schedule (/Users/ctsuser/Desktop/Kaiser/squadzero/productzero/it.tests/functional/node_modules/grunt-protractor-runner/node_modules/selenium-webdriver/lib/webdriver.js:344:17)
    at WebElementPromise.schedule_ (/Users/ctsuser/Desktop/Kaiser/squadzero/productzero/it.tests/functional/node_modules/grunt-protractor-runner/node_modules/selenium-webdriver/lib/webdriver.js:1712:25)
    at WebElementPromise.clear (/Users/ctsuser/Desktop/Kaiser/squadzero/productzero/it.tests/functional/node_modules/grunt-protractor-runner/node_modules/selenium-webdriver/lib/webdriver.js:2049:17)
    at World.&lt;anonymous&gt; (/Users/ctsuser/Desktop/Kaiser/squadzero/productzero/it.tests/functional/features/step_definitions/kpFFL_ZipCode.js:43:22)
    at _combinedTickCallback (internal/process/next_tick.js:67:7)
    at process._tickCallback (internal/process/next_tick.js:98:9)</stack-trace>
			</failure>
		</test-case>
		<test-case start="1490119369722" stop="1490119369764" status="failed">
			<name>Enter my zip code so that I can see what facilities</name>
			<title>Enter my zip code so that I can see what facilities</title>
			<description></description>
			<labels>
			</labels>
			<parameters>
			</parameters>
			<steps>
				<step start="1490119369722" stop="1490119369723" status="passed">
					<name>I go to the website with url &quot;/content/productzero/dec10morning.html&quot;</name>
					<title>I go to the website with url &quot;/content/productzero/dec10morning.html&quot;</title>
					<attachments>
					</attachments>
					<steps>
					</steps>
				</step>
				<step start="1490119369723" stop="1490119369761" status="failed">
					<name>I enter &quot;94545&quot; in the textbox</name>
					<title>I enter &quot;94545&quot; in the textbox</title>
					<attachments>
					</attachments>
					<steps>
					</steps>
				</step>
				<step start="1490119369761" stop="1490119369762" status="skipped">
					<name>I select Region as &quot;NCA&quot;</name>
					<title>I select Region as &quot;NCA&quot;</title>
					<attachments>
					</attachments>
					<steps>
					</steps>
				</step>
				<step start="1490119369762" stop="1490119369763" status="skipped">
					<name>I click SEARCH button</name>
					<title>I click SEARCH button</title>
					<attachments>
					</attachments>
					<steps>
					</steps>
				</step>
				<step start="1490119369763" stop="1490119369764" status="skipped">
					<name>I can see the list of facilities with &quot;Cronin House&quot; and Address as &quot;2595 Depot Rd&quot; in the first row</name>
					<title>I can see the list of facilities with &quot;Cronin House&quot; and Address as &quot;2595 Depot Rd&quot; in the first row</title>
					<attachments>
					</attachments>
					<steps>
					</steps>
				</step>
			</steps>
			<attachments>
			</attachments>
			<failure>
				<message>No element found using locator: By(xpath, .//*[@id=&apos;facilityZipCode&apos;])</message>
				<stack-trace>NoSuchElementError: No element found using locator: By(xpath, .//*[@id=&apos;facilityZipCode&apos;])
    at WebDriverError (/Users/ctsuser/Desktop/Kaiser/squadzero/productzero/it.tests/functional/node_modules/grunt-protractor-runner/node_modules/selenium-webdriver/error.js:27:5)
    at NoSuchElementError (/Users/ctsuser/Desktop/Kaiser/squadzero/productzero/it.tests/functional/node_modules/grunt-protractor-runner/node_modules/selenium-webdriver/error.js:230:5)
    at /Users/ctsuser/Desktop/Kaiser/squadzero/productzero/it.tests/functional/node_modules/grunt-protractor-runner/node_modules/protractor/built/element.js:662:27
    at Promise.invokeCallback_ (/Users/ctsuser/Desktop/Kaiser/squadzero/productzero/it.tests/functional/node_modules/grunt-protractor-runner/node_modules/selenium-webdriver/lib/promise.js:1329:14)
    at TaskQueue.execute_ (/Users/ctsuser/Desktop/Kaiser/squadzero/productzero/it.tests/functional/node_modules/grunt-protractor-runner/node_modules/selenium-webdriver/lib/promise.js:2790:14)
    at TaskQueue.executeNext_ (/Users/ctsuser/Desktop/Kaiser/squadzero/productzero/it.tests/functional/node_modules/grunt-protractor-runner/node_modules/selenium-webdriver/lib/promise.js:2773:21)
    at asyncRun (/Users/ctsuser/Desktop/Kaiser/squadzero/productzero/it.tests/functional/node_modules/grunt-protractor-runner/node_modules/selenium-webdriver/lib/promise.js:2652:27)
    at /Users/ctsuser/Desktop/Kaiser/squadzero/productzero/it.tests/functional/node_modules/grunt-protractor-runner/node_modules/selenium-webdriver/lib/promise.js:639:7
    at process._tickCallback (internal/process/next_tick.js:103:7)
From: Task: WebElement.clear()
    at WebDriver.schedule (/Users/ctsuser/Desktop/Kaiser/squadzero/productzero/it.tests/functional/node_modules/grunt-protractor-runner/node_modules/selenium-webdriver/lib/webdriver.js:344:17)
    at WebElementPromise.schedule_ (/Users/ctsuser/Desktop/Kaiser/squadzero/productzero/it.tests/functional/node_modules/grunt-protractor-runner/node_modules/selenium-webdriver/lib/webdriver.js:1712:25)
    at WebElementPromise.clear (/Users/ctsuser/Desktop/Kaiser/squadzero/productzero/it.tests/functional/node_modules/grunt-protractor-runner/node_modules/selenium-webdriver/lib/webdriver.js:2049:17)
    at World.&lt;anonymous&gt; (/Users/ctsuser/Desktop/Kaiser/squadzero/productzero/it.tests/functional/features/step_definitions/kpFFL_ZipCode.js:43:22)
    at _combinedTickCallback (internal/process/next_tick.js:67:7)
    at Immediate._tickCallback (internal/process/next_tick.js:98:9)
    at runCallback (timers.js:637:20)
    at tryOnImmediate (timers.js:610:5)
    at processImmediate [as _immediateCallback] (timers.js:582:5)</stack-trace>
			</failure>
		</test-case>
		<test-case start="1490119369765" stop="1490119369803" status="failed">
			<name>Enter invalid zip code and valid region</name>
			<title>Enter invalid zip code and valid region</title>
			<description></description>
			<labels>
			</labels>
			<parameters>
			</parameters>
			<steps>
				<step start="1490119369765" stop="1490119369766" status="passed">
					<name>I go to the website with url &quot;/content/productzero/dec10morning.html&quot;</name>
					<title>I go to the website with url &quot;/content/productzero/dec10morning.html&quot;</title>
					<attachments>
					</attachments>
					<steps>
					</steps>
				</step>
				<step start="1490119369766" stop="1490119369799" status="failed">
					<name>I enter valid Zipcode with &quot;94545&quot; in the textbox</name>
					<title>I enter valid Zipcode with &quot;94545&quot; in the textbox</title>
					<attachments>
					</attachments>
					<steps>
					</steps>
				</step>
				<step start="1490119369799" stop="1490119369801" status="skipped">
					<name>I select Region as &quot;GGA&quot;</name>
					<title>I select Region as &quot;GGA&quot;</title>
					<attachments>
					</attachments>
					<steps>
					</steps>
				</step>
				<step start="1490119369802" stop="1490119369803" status="skipped">
					<name>I click SEARCH button</name>
					<title>I click SEARCH button</title>
					<attachments>
					</attachments>
					<steps>
					</steps>
				</step>
				<step start="1490119369803" stop="1490119369803" status="skipped">
					<name>I do not see the list of facilities</name>
					<title>I do not see the list of facilities</title>
					<attachments>
					</attachments>
					<steps>
					</steps>
				</step>
			</steps>
			<attachments>
			</attachments>
			<failure>
				<message>No element found using locator: By(xpath, .//*[@id=&apos;facilityZipCode&apos;])</message>
				<stack-trace>NoSuchElementError: No element found using locator: By(xpath, .//*[@id=&apos;facilityZipCode&apos;])
    at WebDriverError (/Users/ctsuser/Desktop/Kaiser/squadzero/productzero/it.tests/functional/node_modules/grunt-protractor-runner/node_modules/selenium-webdriver/error.js:27:5)
    at NoSuchElementError (/Users/ctsuser/Desktop/Kaiser/squadzero/productzero/it.tests/functional/node_modules/grunt-protractor-runner/node_modules/selenium-webdriver/error.js:230:5)
    at /Users/ctsuser/Desktop/Kaiser/squadzero/productzero/it.tests/functional/node_modules/grunt-protractor-runner/node_modules/protractor/built/element.js:662:27
    at Promise.invokeCallback_ (/Users/ctsuser/Desktop/Kaiser/squadzero/productzero/it.tests/functional/node_modules/grunt-protractor-runner/node_modules/selenium-webdriver/lib/promise.js:1329:14)
    at TaskQueue.execute_ (/Users/ctsuser/Desktop/Kaiser/squadzero/productzero/it.tests/functional/node_modules/grunt-protractor-runner/node_modules/selenium-webdriver/lib/promise.js:2790:14)
    at TaskQueue.executeNext_ (/Users/ctsuser/Desktop/Kaiser/squadzero/productzero/it.tests/functional/node_modules/grunt-protractor-runner/node_modules/selenium-webdriver/lib/promise.js:2773:21)
    at asyncRun (/Users/ctsuser/Desktop/Kaiser/squadzero/productzero/it.tests/functional/node_modules/grunt-protractor-runner/node_modules/selenium-webdriver/lib/promise.js:2652:27)
    at /Users/ctsuser/Desktop/Kaiser/squadzero/productzero/it.tests/functional/node_modules/grunt-protractor-runner/node_modules/selenium-webdriver/lib/promise.js:639:7
    at process._tickCallback (internal/process/next_tick.js:103:7)
From: Task: WebElement.clear()
    at WebDriver.schedule (/Users/ctsuser/Desktop/Kaiser/squadzero/productzero/it.tests/functional/node_modules/grunt-protractor-runner/node_modules/selenium-webdriver/lib/webdriver.js:344:17)
    at WebElementPromise.schedule_ (/Users/ctsuser/Desktop/Kaiser/squadzero/productzero/it.tests/functional/node_modules/grunt-protractor-runner/node_modules/selenium-webdriver/lib/webdriver.js:1712:25)
    at WebElementPromise.clear (/Users/ctsuser/Desktop/Kaiser/squadzero/productzero/it.tests/functional/node_modules/grunt-protractor-runner/node_modules/selenium-webdriver/lib/webdriver.js:2049:17)
    at World.&lt;anonymous&gt; (/Users/ctsuser/Desktop/Kaiser/squadzero/productzero/it.tests/functional/features/step_definitions/kpFFL_ZipCode.js:60:22)
    at _combinedTickCallback (internal/process/next_tick.js:67:7)
    at Immediate._tickCallback (internal/process/next_tick.js:98:9)
    at runCallback (timers.js:637:20)
    at tryOnImmediate (timers.js:610:5)
    at processImmediate [as _immediateCallback] (timers.js:582:5)</stack-trace>
			</failure>
		</test-case>
		<test-case start="1490119369804" stop="1490119369845" status="failed">
			<name>Enter invalid zip code and valid region</name>
			<title>Enter invalid zip code and valid region</title>
			<description></description>
			<labels>
			</labels>
			<parameters>
			</parameters>
			<steps>
				<step start="1490119369804" stop="1490119369804" status="passed">
					<name>I go to the website with url &quot;/content/productzero/dec10morning.html&quot;</name>
					<title>I go to the website with url &quot;/content/productzero/dec10morning.html&quot;</title>
					<attachments>
					</attachments>
					<steps>
					</steps>
				</step>
				<step start="1490119369804" stop="1490119369841" status="failed">
					<name>I enter valid Zipcode with &quot;30605&quot; in the textbox</name>
					<title>I enter valid Zipcode with &quot;30605&quot; in the textbox</title>
					<attachments>
					</attachments>
					<steps>
					</steps>
				</step>
				<step start="1490119369841" stop="1490119369842" status="skipped">
					<name>I select Region as &quot;NCA&quot;</name>
					<title>I select Region as &quot;NCA&quot;</title>
					<attachments>
					</attachments>
					<steps>
					</steps>
				</step>
				<step start="1490119369842" stop="1490119369844" status="skipped">
					<name>I click SEARCH button</name>
					<title>I click SEARCH button</title>
					<attachments>
					</attachments>
					<steps>
					</steps>
				</step>
				<step start="1490119369844" stop="1490119369844" status="skipped">
					<name>I do not see the list of facilities</name>
					<title>I do not see the list of facilities</title>
					<attachments>
					</attachments>
					<steps>
					</steps>
				</step>
			</steps>
			<attachments>
			</attachments>
			<failure>
				<message>No element found using locator: By(xpath, .//*[@id=&apos;facilityZipCode&apos;])</message>
				<stack-trace>NoSuchElementError: No element found using locator: By(xpath, .//*[@id=&apos;facilityZipCode&apos;])
    at WebDriverError (/Users/ctsuser/Desktop/Kaiser/squadzero/productzero/it.tests/functional/node_modules/grunt-protractor-runner/node_modules/selenium-webdriver/error.js:27:5)
    at NoSuchElementError (/Users/ctsuser/Desktop/Kaiser/squadzero/productzero/it.tests/functional/node_modules/grunt-protractor-runner/node_modules/selenium-webdriver/error.js:230:5)
    at /Users/ctsuser/Desktop/Kaiser/squadzero/productzero/it.tests/functional/node_modules/grunt-protractor-runner/node_modules/protractor/built/element.js:662:27
    at Promise.invokeCallback_ (/Users/ctsuser/Desktop/Kaiser/squadzero/productzero/it.tests/functional/node_modules/grunt-protractor-runner/node_modules/selenium-webdriver/lib/promise.js:1329:14)
    at TaskQueue.execute_ (/Users/ctsuser/Desktop/Kaiser/squadzero/productzero/it.tests/functional/node_modules/grunt-protractor-runner/node_modules/selenium-webdriver/lib/promise.js:2790:14)
    at TaskQueue.executeNext_ (/Users/ctsuser/Desktop/Kaiser/squadzero/productzero/it.tests/functional/node_modules/grunt-protractor-runner/node_modules/selenium-webdriver/lib/promise.js:2773:21)
    at asyncRun (/Users/ctsuser/Desktop/Kaiser/squadzero/productzero/it.tests/functional/node_modules/grunt-protractor-runner/node_modules/selenium-webdriver/lib/promise.js:2652:27)
    at /Users/ctsuser/Desktop/Kaiser/squadzero/productzero/it.tests/functional/node_modules/grunt-protractor-runner/node_modules/selenium-webdriver/lib/promise.js:639:7
    at process._tickCallback (internal/process/next_tick.js:103:7)
From: Task: WebElement.clear()
    at WebDriver.schedule (/Users/ctsuser/Desktop/Kaiser/squadzero/productzero/it.tests/functional/node_modules/grunt-protractor-runner/node_modules/selenium-webdriver/lib/webdriver.js:344:17)
    at WebElementPromise.schedule_ (/Users/ctsuser/Desktop/Kaiser/squadzero/productzero/it.tests/functional/node_modules/grunt-protractor-runner/node_modules/selenium-webdriver/lib/webdriver.js:1712:25)
    at WebElementPromise.clear (/Users/ctsuser/Desktop/Kaiser/squadzero/productzero/it.tests/functional/node_modules/grunt-protractor-runner/node_modules/selenium-webdriver/lib/webdriver.js:2049:17)
    at World.&lt;anonymous&gt; (/Users/ctsuser/Desktop/Kaiser/squadzero/productzero/it.tests/functional/features/step_definitions/kpFFL_ZipCode.js:60:22)
    at _combinedTickCallback (internal/process/next_tick.js:67:7)
    at Immediate._tickCallback (internal/process/next_tick.js:98:9)
    at runCallback (timers.js:637:20)
    at tryOnImmediate (timers.js:610:5)
    at processImmediate [as _immediateCallback] (timers.js:582:5)</stack-trace>
			</failure>
		</test-case>
	</test-cases>
</ns2:test-suite>