<?xml version="1.0" encoding="UTF-8"?>
<ns2:test-suite xmlns:ns2="urn:model.allure.qatools.yandex.ru" start="1490119368446" stop="1490119369439">
	<name>Kaiser Web Page - Hello component validation</name>
	<title>Kaiser Web Page - Hello component validation</title>
	<test-cases>
		<test-case start="1490119368450" stop="1490119369082" status="failed">
			<name>Validating Hello Component</name>
			<title>Validating Hello Component</title>
			<description></description>
			<labels>
			</labels>
			<parameters>
			</parameters>
			<steps>
				<step start="1490119368451" stop="1490119368456" status="passed">
					<name>I visit AEM webpage &quot;/content/productzero/comp-automation-page.html&quot;</name>
					<title>I visit AEM webpage &quot;/content/productzero/comp-automation-page.html&quot;</title>
					<attachments>
					</attachments>
					<steps>
					</steps>
				</step>
				<step start="1490119368456" stop="1490119369080" status="failed">
					<name>I search for  &quot;COMP-AUTOMATION-PAGE&quot;</name>
					<title>I search for  &quot;COMP-AUTOMATION-PAGE&quot;</title>
					<attachments>
					</attachments>
					<steps>
					</steps>
				</step>
				<step start="1490119369080" stop="1490119369081" status="skipped">
					<name>I validate the &quot;COMP-AUTOMATION-PAGE&quot;</name>
					<title>I validate the &quot;COMP-AUTOMATION-PAGE&quot;</title>
					<attachments>
					</attachments>
					<steps>
					</steps>
				</step>
			</steps>
			<attachments>
			</attachments>
			<failure>
				<message>No element found using locator: By(xpath, html/body/div[1]/div[1]/div/h1)</message>
				<stack-trace>NoSuchElementError: No element found using locator: By(xpath, html/body/div[1]/div[1]/div/h1)
    at WebDriverError (/Users/ctsuser/Desktop/Kaiser/squadzero/productzero/it.tests/functional/node_modules/grunt-protractor-runner/node_modules/selenium-webdriver/error.js:27:5)
    at NoSuchElementError (/Users/ctsuser/Desktop/Kaiser/squadzero/productzero/it.tests/functional/node_modules/grunt-protractor-runner/node_modules/selenium-webdriver/error.js:230:5)
    at /Users/ctsuser/Desktop/Kaiser/squadzero/productzero/it.tests/functional/node_modules/grunt-protractor-runner/node_modules/protractor/built/element.js:662:27
    at Promise.invokeCallback_ (/Users/ctsuser/Desktop/Kaiser/squadzero/productzero/it.tests/functional/node_modules/grunt-protractor-runner/node_modules/selenium-webdriver/lib/promise.js:1329:14)
    at TaskQueue.execute_ (/Users/ctsuser/Desktop/Kaiser/squadzero/productzero/it.tests/functional/node_modules/grunt-protractor-runner/node_modules/selenium-webdriver/lib/promise.js:2790:14)
    at TaskQueue.executeNext_ (/Users/ctsuser/Desktop/Kaiser/squadzero/productzero/it.tests/functional/node_modules/grunt-protractor-runner/node_modules/selenium-webdriver/lib/promise.js:2773:21)
    at asyncRun (/Users/ctsuser/Desktop/Kaiser/squadzero/productzero/it.tests/functional/node_modules/grunt-protractor-runner/node_modules/selenium-webdriver/lib/promise.js:2652:27)
    at /Users/ctsuser/Desktop/Kaiser/squadzero/productzero/it.tests/functional/node_modules/grunt-protractor-runner/node_modules/selenium-webdriver/lib/promise.js:639:7
    at process._tickCallback (internal/process/next_tick.js:103:7)
Error
    at ElementArrayFinder.applyAction_ (/Users/ctsuser/Desktop/Kaiser/squadzero/productzero/it.tests/functional/node_modules/grunt-protractor-runner/node_modules/protractor/built/element.js:371:27)
    at ElementArrayFinder._this.(anonymous function) [as isDisplayed] (/Users/ctsuser/Desktop/Kaiser/squadzero/productzero/it.tests/functional/node_modules/grunt-protractor-runner/node_modules/protractor/built/element.js:83:30)
    at ElementFinder._this.(anonymous function) [as isDisplayed] (/Users/ctsuser/Desktop/Kaiser/squadzero/productzero/it.tests/functional/node_modules/grunt-protractor-runner/node_modules/protractor/built/element.js:685:22)
    at Object.visibleHeaderTitle (/Users/ctsuser/Desktop/Kaiser/squadzero/productzero/it.tests/functional/features/page/hello.js:16:28)
    at World.&lt;anonymous&gt; (/Users/ctsuser/Desktop/Kaiser/squadzero/productzero/it.tests/functional/features/step_definitions/HelloComponent.js:24:19)
    at _combinedTickCallback (internal/process/next_tick.js:67:7)
    at process._tickCallback (internal/process/next_tick.js:98:9)</stack-trace>
			</failure>
		</test-case>
		<test-case start="1490119369085" stop="1490119369270" status="failed">
			<name>Validating Instance and Resource Type</name>
			<title>Validating Instance and Resource Type</title>
			<description></description>
			<labels>
			</labels>
			<parameters>
			</parameters>
			<steps>
				<step start="1490119369085" stop="1490119369087" status="passed">
					<name>I visit AEM webpage &quot;/content/productzero/comp-automation-page.html&quot;</name>
					<title>I visit AEM webpage &quot;/content/productzero/comp-automation-page.html&quot;</title>
					<attachments>
					</attachments>
					<steps>
					</steps>
				</step>
				<step start="1490119369087" stop="1490119369263" status="failed">
					<name>I search for body content &quot;This is a home page&quot;</name>
					<title>I search for body content &quot;This is a home page&quot;</title>
					<attachments>
					</attachments>
					<steps>
					</steps>
				</step>
				<step start="1490119369263" stop="1490119369270" status="skipped">
					<name>I validate the body content &quot;This is a home page&quot;</name>
					<title>I validate the body content &quot;This is a home page&quot;</title>
					<attachments>
					</attachments>
					<steps>
					</steps>
				</step>
			</steps>
			<attachments>
			</attachments>
			<failure>
				<message>No element found using locator: By(xpath, html/body/div[1]/div[2])</message>
				<stack-trace>NoSuchElementError: No element found using locator: By(xpath, html/body/div[1]/div[2])
    at WebDriverError (/Users/ctsuser/Desktop/Kaiser/squadzero/productzero/it.tests/functional/node_modules/grunt-protractor-runner/node_modules/selenium-webdriver/error.js:27:5)
    at NoSuchElementError (/Users/ctsuser/Desktop/Kaiser/squadzero/productzero/it.tests/functional/node_modules/grunt-protractor-runner/node_modules/selenium-webdriver/error.js:230:5)
    at /Users/ctsuser/Desktop/Kaiser/squadzero/productzero/it.tests/functional/node_modules/grunt-protractor-runner/node_modules/protractor/built/element.js:662:27
    at Promise.invokeCallback_ (/Users/ctsuser/Desktop/Kaiser/squadzero/productzero/it.tests/functional/node_modules/grunt-protractor-runner/node_modules/selenium-webdriver/lib/promise.js:1329:14)
    at TaskQueue.execute_ (/Users/ctsuser/Desktop/Kaiser/squadzero/productzero/it.tests/functional/node_modules/grunt-protractor-runner/node_modules/selenium-webdriver/lib/promise.js:2790:14)
    at TaskQueue.executeNext_ (/Users/ctsuser/Desktop/Kaiser/squadzero/productzero/it.tests/functional/node_modules/grunt-protractor-runner/node_modules/selenium-webdriver/lib/promise.js:2773:21)
    at asyncRun (/Users/ctsuser/Desktop/Kaiser/squadzero/productzero/it.tests/functional/node_modules/grunt-protractor-runner/node_modules/selenium-webdriver/lib/promise.js:2652:27)
    at /Users/ctsuser/Desktop/Kaiser/squadzero/productzero/it.tests/functional/node_modules/grunt-protractor-runner/node_modules/selenium-webdriver/lib/promise.js:639:7
    at process._tickCallback (internal/process/next_tick.js:103:7)
Error
    at ElementArrayFinder.applyAction_ (/Users/ctsuser/Desktop/Kaiser/squadzero/productzero/it.tests/functional/node_modules/grunt-protractor-runner/node_modules/protractor/built/element.js:371:27)
    at ElementArrayFinder._this.(anonymous function) [as isDisplayed] (/Users/ctsuser/Desktop/Kaiser/squadzero/productzero/it.tests/functional/node_modules/grunt-protractor-runner/node_modules/protractor/built/element.js:83:30)
    at ElementFinder._this.(anonymous function) [as isDisplayed] (/Users/ctsuser/Desktop/Kaiser/squadzero/productzero/it.tests/functional/node_modules/grunt-protractor-runner/node_modules/protractor/built/element.js:685:22)
    at Object.visibleBody (/Users/ctsuser/Desktop/Kaiser/squadzero/productzero/it.tests/functional/features/page/hello.js:27:29)
    at World.&lt;anonymous&gt; (/Users/ctsuser/Desktop/Kaiser/squadzero/productzero/it.tests/functional/features/step_definitions/HelloComponent.js:32:18)
    at _combinedTickCallback (internal/process/next_tick.js:67:7)
    at process._tickCallback (internal/process/next_tick.js:98:9)</stack-trace>
			</failure>
		</test-case>
		<test-case start="1490119369271" stop="1490119369439" status="failed">
			<name>Validating Instance and Resource Type</name>
			<title>Validating Instance and Resource Type</title>
			<description></description>
			<labels>
			</labels>
			<parameters>
			</parameters>
			<steps>
				<step start="1490119369271" stop="1490119369272" status="passed">
					<name>I visit AEM webpage &quot;/content/productzero/comp-automation-page.html&quot;</name>
					<title>I visit AEM webpage &quot;/content/productzero/comp-automation-page.html&quot;</title>
					<attachments>
					</attachments>
					<steps>
					</steps>
				</step>
				<step start="1490119369272" stop="1490119369438" status="failed">
					<name>I search for body content &quot;Hello, world! I am a component, built to demonstrate component development in AEM. I was created using BDD, with automated test suites, and the Factory of the Future Pipeline. I will continue to evolve as my masters come up with new ideas.&quot;</name>
					<title>I search for body content &quot;Hello, world! I am a component, built to demonstrate component development in AEM. I was created using BDD, with automated test suites, and the Factory of the Future Pipeline. I will continue to evolve as my masters come up with new ideas.&quot;</title>
					<attachments>
					</attachments>
					<steps>
					</steps>
				</step>
				<step start="1490119369438" stop="1490119369439" status="skipped">
					<name>I validate the body content &quot;Hello, world! I am a component, built to demonstrate component development in AEM. I was created using BDD, with automated test suites, and the Factory of the Future Pipeline. I will continue to evolve as my masters come up with new ideas.&quot;</name>
					<title>I validate the body content &quot;Hello, world! I am a component, built to demonstrate component development in AEM. I was created using BDD, with automated test suites, and the Factory of the Future Pipeline. I will continue to evolve as my masters come up with new ideas.&quot;</title>
					<attachments>
					</attachments>
					<steps>
					</steps>
				</step>
			</steps>
			<attachments>
			</attachments>
			<failure>
				<message>No element found using locator: By(xpath, html/body/div[1]/div[2])</message>
				<stack-trace>NoSuchElementError: No element found using locator: By(xpath, html/body/div[1]/div[2])
    at WebDriverError (/Users/ctsuser/Desktop/Kaiser/squadzero/productzero/it.tests/functional/node_modules/grunt-protractor-runner/node_modules/selenium-webdriver/error.js:27:5)
    at NoSuchElementError (/Users/ctsuser/Desktop/Kaiser/squadzero/productzero/it.tests/functional/node_modules/grunt-protractor-runner/node_modules/selenium-webdriver/error.js:230:5)
    at /Users/ctsuser/Desktop/Kaiser/squadzero/productzero/it.tests/functional/node_modules/grunt-protractor-runner/node_modules/protractor/built/element.js:662:27
    at Promise.invokeCallback_ (/Users/ctsuser/Desktop/Kaiser/squadzero/productzero/it.tests/functional/node_modules/grunt-protractor-runner/node_modules/selenium-webdriver/lib/promise.js:1329:14)
    at TaskQueue.execute_ (/Users/ctsuser/Desktop/Kaiser/squadzero/productzero/it.tests/functional/node_modules/grunt-protractor-runner/node_modules/selenium-webdriver/lib/promise.js:2790:14)
    at TaskQueue.executeNext_ (/Users/ctsuser/Desktop/Kaiser/squadzero/productzero/it.tests/functional/node_modules/grunt-protractor-runner/node_modules/selenium-webdriver/lib/promise.js:2773:21)
    at asyncRun (/Users/ctsuser/Desktop/Kaiser/squadzero/productzero/it.tests/functional/node_modules/grunt-protractor-runner/node_modules/selenium-webdriver/lib/promise.js:2652:27)
    at /Users/ctsuser/Desktop/Kaiser/squadzero/productzero/it.tests/functional/node_modules/grunt-protractor-runner/node_modules/selenium-webdriver/lib/promise.js:639:7
    at process._tickCallback (internal/process/next_tick.js:103:7)
Error
    at ElementArrayFinder.applyAction_ (/Users/ctsuser/Desktop/Kaiser/squadzero/productzero/it.tests/functional/node_modules/grunt-protractor-runner/node_modules/protractor/built/element.js:371:27)
    at ElementArrayFinder._this.(anonymous function) [as isDisplayed] (/Users/ctsuser/Desktop/Kaiser/squadzero/productzero/it.tests/functional/node_modules/grunt-protractor-runner/node_modules/protractor/built/element.js:83:30)
    at ElementFinder._this.(anonymous function) [as isDisplayed] (/Users/ctsuser/Desktop/Kaiser/squadzero/productzero/it.tests/functional/node_modules/grunt-protractor-runner/node_modules/protractor/built/element.js:685:22)
    at Object.visibleBody (/Users/ctsuser/Desktop/Kaiser/squadzero/productzero/it.tests/functional/features/page/hello.js:27:29)
    at World.&lt;anonymous&gt; (/Users/ctsuser/Desktop/Kaiser/squadzero/productzero/it.tests/functional/features/step_definitions/HelloComponent.js:32:18)
    at _combinedTickCallback (internal/process/next_tick.js:67:7)
    at process._tickCallback (internal/process/next_tick.js:98:9)</stack-trace>
			</failure>
		</test-case>
	</test-cases>
</ns2:test-suite>